  Shape.cpp
  DxCommon.cpp
  DebugCamera.cpp
  imgui.cpp
  imgui_demo.cpp
  imgui_draw.cpp
  imgui_impl_dx12.cpp
  imgui_impl_win32.cpp
  imgui_tables.cpp
  imgui_widgets.cpp
  function.cpp
  main.cpp
  Math.cpp
  SphereModel.cpp
  Sprite.cpp
  Model.cpp
  Triangle.cpp
C:\Users\K024G\OneDrive\デスクトップ\classFail\CG\Utility\Shape\Shape.cpp(10,36): error C2228: '.Get' の左側はクラス、構造体、共用体でなければなりません
      C:\Users\K024G\OneDrive\デスクトップ\classFail\CG\Utility\Shape\Shape.cpp(10,36):
      型は 'ID3D12Device *' です
      C:\Users\K024G\OneDrive\デスクトップ\classFail\CG\Utility\Shape\Shape.cpp(10,36):
      代わりに '->' を使用しますか?
  
C:\Users\K024G\OneDrive\デスクトップ\classFail\CG\Utility\Shape\Shape.cpp(10,27): error C2512: 'Triangle::Triangle': クラス、構造体、共用体に既定のコンストラクターがありません。
      C:\Users\K024G\OneDrive\デスクトップ\classFail\CG\Utility\Shape\Shape.cpp(10,27):
      引数リスト '()' を一致させようとしているとき
  
