  DxCommon.cpp
  DebugCamera.cpp
  imgui.cpp
  imgui_demo.cpp
  imgui_draw.cpp
  imgui_impl_dx12.cpp
  imgui_impl_win32.cpp
  imgui_tables.cpp
  imgui_widgets.cpp
  function.cpp
  globalVariables.cpp
  main.cpp
  Math.cpp
  SphereModel.cpp
  Sprite.cpp
  Model.cpp
  DxCommon.obj : MSIL .netmodule または /GL を伴ってコンパイルされたモジュールが見つかりました。/LTCG を使用して再開始してください。リンカーのパフォーマンスを向上させるためには、コマンドラインに /LTCG を追加してください。
  コード生成しています。
  コード生成が終了しました。
  CG2_00_01.vcxproj -> C:\Users\K024G\OneDrive\デスクトップ\classFail\CG\project\x64\Development\CG2.exe
  'pwsh.exe' is not recognized as an internal or external command,
  operable program or batch file.
          1 file(s) copied.
          1 file(s) copied.
